SF:lib/src/features/capture/application/correction_state.dart
DA:4,1
DA:14,1
DA:15,1
DA:16,1
DA:17,0
DA:18,1
LF:6
LH:5
end_of_record
SF:lib/src/features/capture/application/image_correction_service.dart
DA:4,1
DA:5,4
DA:8,0
DA:9,0
DA:12,0
LF:5
LH:2
end_of_record
SF:lib/src/features/settings/presentation/provider_config_controller.dart
DA:6,1
DA:7,1
LF:2
LH:2
end_of_record
SF:lib/src/domain/models/ai_provider_config.dart
DA:2,1
LF:1
LH:1
end_of_record
SF:lib/src/app/providers.dart
DA:21,9
DA:22,0
DA:25,6
DA:26,0
DA:29,0
DA:30,0
DA:35,0
DA:36,0
DA:39,0
DA:40,0
DA:43,0
DA:44,0
DA:47,0
DA:48,0
DA:51,0
DA:52,0
DA:57,3
DA:61,8
DA:64,1
DA:65,5
DA:70,4
DA:71,2
DA:72,3
DA:77,4
DA:78,2
DA:79,3
DA:80,1
DA:81,0
DA:82,0
DA:83,1
DA:88,4
DA:90,4
DA:92,4
DA:96,4
DA:97,2
DA:98,3
DA:100,2
DA:101,2
DA:102,3
DA:104,1
DA:105,0
DA:106,0
DA:107,0
DA:109,1
DA:114,4
DA:115,4
DA:116,6
DA:120,4
DA:121,2
DA:126,2
DA:127,4
DA:129,2
DA:130,2
DA:133,2
DA:136,0
DA:137,0
DA:139,0
DA:140,0
DA:141,0
DA:143,0
LF:60
LH:35
end_of_record
SF:lib/src/data/files/image_storage_service.dart
DA:6,0
DA:8,0
DA:9,0
DA:10,0
DA:11,0
DA:12,0
DA:13,0
DA:14,0
DA:18,0
DA:19,0
DA:20,0
DA:21,0
LF:12
LH:0
end_of_record
SF:lib/src/data/remote/ai/ai_analysis_service.dart
DA:9,2
DA:13,2
DA:14,4
DA:16,0
DA:17,0
DA:18,0
DA:19,0
DA:20,0
DA:21,0
DA:22,0
DA:23,0
DA:30,2
DA:34,4
DA:37,0
DA:38,0
DA:39,0
DA:40,2
DA:43,0
DA:44,0
DA:45,0
DA:48,0
DA:49,0
DA:50,0
DA:51,0
DA:52,0
DA:58,0
DA:59,0
DA:60,0
DA:61,0
DA:63,0
DA:80,0
DA:81,0
DA:82,0
DA:85,0
DA:86,0
DA:89,0
DA:90,0
DA:91,0
DA:93,0
DA:94,0
DA:98,0
DA:99,0
DA:101,0
DA:102,0
DA:103,0
DA:104,0
DA:105,0
DA:106,0
DA:108,0
DA:110,0
DA:111,0
DA:112,0
DA:113,0
DA:114,0
DA:115,0
DA:119,0
DA:123,2
DA:140,0
DA:142,0
DA:143,0
LF:60
LH:7
end_of_record
SF:lib/src/data/repositories/drift_question_repository.dart
DA:13,0
DA:17,0
DA:18,0
DA:19,0
DA:20,0
DA:21,0
DA:22,0
DA:23,0
DA:24,0
DA:25,0
DA:26,0
DA:27,0
DA:28,0
DA:29,0
DA:30,0
DA:31,0
DA:32,0
DA:36,0
DA:37,0
DA:38,0
DA:39,0
DA:40,0
DA:41,0
DA:42,0
DA:43,0
DA:44,0
DA:45,0
DA:46,0
DA:47,0
DA:48,0
DA:49,0
DA:50,0
DA:51,0
DA:55,0
DA:56,0
DA:57,0
DA:58,0
DA:59,0
DA:60,0
DA:61,0
DA:62,0
DA:63,0
DA:64,0
DA:65,0
DA:66,0
DA:67,0
DA:68,0
DA:69,0
DA:73,0
DA:74,0
DA:75,0
DA:77,0
DA:78,0
DA:79,0
DA:80,0
DA:81,0
DA:82,0
DA:83,0
DA:85,0
DA:86,0
DA:87,0
DA:88,0
DA:89,0
DA:90,0
DA:91,0
DA:96,0
DA:98,0
DA:101,0
DA:103,0
DA:104,0
DA:107,0
DA:109,0
DA:110,0
DA:111,0
DA:112,0
DA:115,0
DA:117,0
DA:118,0
DA:121,0
DA:123,0
DA:124,0
DA:125,0
LF:82
LH:0
end_of_record
SF:lib/src/data/repositories/drift_review_log_repository.dart
DA:8,0
DA:11,0
DA:13,0
DA:16,0
DA:18,0
DA:19,0
DA:20,0
DA:21,0
DA:22,0
DA:25,0
DA:27,0
DA:28,0
DA:31,0
DA:32,0
DA:33,0
DA:34,0
DA:35,0
DA:36,0
DA:37,0
DA:41,0
DA:42,0
DA:43,0
DA:44,0
DA:45,0
DA:46,0
DA:47,0
LF:26
LH:0
end_of_record
SF:lib/src/data/repositories/drift_settings_repository.dart
DA:8,0
DA:14,0
DA:16,0
DA:17,0
DA:18,0
DA:19,0
DA:20,0
DA:21,0
DA:22,0
DA:25,0
DA:27,0
DA:28,0
DA:30,0
DA:35,0
DA:36,0
DA:37,0
DA:38,0
DA:39,0
DA:40,0
DA:41,0
DA:42,0
DA:46,0
DA:47,0
DA:48,0
DA:49,0
DA:50,0
DA:51,0
DA:52,0
DA:56,0
DA:58,0
DA:59,0
DA:60,0
DA:61,0
DA:64,0
DA:66,0
DA:67,0
LF:36
LH:0
end_of_record
SF:lib/src/data/repositories/question_repository.dart
DA:14,3
DA:15,6
DA:17,3
DA:19,6
DA:20,6
DA:25,3
DA:27,10
DA:28,6
DA:31,1
DA:33,5
DA:36,3
DA:38,18
DA:39,3
DA:40,6
LF:14
LH:14
end_of_record
SF:lib/src/data/repositories/settings_repository.dart
DA:14,2
DA:15,2
DA:17,0
DA:19,0
DA:22,0
DA:23,0
DA:25,0
DA:27,0
LF:8
LH:2
end_of_record
SF:lib/src/domain/repositories/review_log_repository.dart
DA:12,1
DA:13,2
DA:15,1
DA:17,6
DA:19,1
DA:20,2
LF:6
LH:6
end_of_record
SF:lib/src/data/services/capture_service.dart
DA:9,0
DA:10,0
DA:15,0
DA:16,0
DA:21,0
DA:24,0
DA:25,0
DA:30,0
DA:33,0
DA:34,0
DA:35,0
DA:36,0
LF:12
LH:0
end_of_record
SF:lib/src/data/services/notification_service.dart
DA:6,0
DA:13,0
DA:14,0
DA:15,0
DA:20,0
DA:23,0
DA:24,0
DA:25,0
DA:26,0
DA:28,0
DA:29,0
DA:32,0
DA:46,0
DA:47,0
LF:14
LH:0
end_of_record
SF:lib/src/data/services/ocr_service.dart
DA:4,0
DA:5,0
DA:6,0
DA:9,0
DA:10,0
DA:13,0
LF:6
LH:0
end_of_record
SF:lib/src/domain/models/question_record.dart
DA:7,6
DA:24,4
DA:30,4
DA:31,4
DA:64,5
DA:75,5
DA:76,5
DA:77,5
DA:78,5
DA:79,5
DA:80,3
DA:81,5
DA:82,5
DA:83,5
DA:84,5
DA:85,4
DA:86,5
DA:87,3
DA:88,3
DA:89,3
LF:20
LH:20
end_of_record
SF:lib/src/data/local/app_database.g.dart
DA:11,0
DA:103,0
DA:104,0
DA:105,0
DA:106,0
DA:107,0
DA:108,0
DA:109,0
DA:110,0
DA:111,0
DA:112,0
DA:113,0
DA:114,0
DA:115,0
DA:116,0
DA:117,0
DA:118,0
DA:120,0
DA:121,0
DA:122,0
DA:125,0
DA:128,0
DA:129,0
DA:130,0
DA:131,0
DA:133,0
DA:135,0
DA:136,0
DA:137,0
DA:139,0
DA:141,0
DA:142,0
DA:143,0
DA:145,0
DA:147,0
DA:148,0
DA:150,0
DA:151,0
DA:153,0
DA:155,0
DA:156,0
DA:158,0
DA:159,0
DA:161,0
DA:163,0
DA:164,0
DA:165,0
DA:167,0
DA:168,0
DA:170,0
DA:171,0
DA:173,0
DA:175,0
DA:176,0
DA:178,0
DA:179,0
DA:181,0
DA:183,0
DA:184,0
DA:186,0
DA:187,0
DA:189,0
DA:190,0
DA:192,0
DA:193,0
DA:195,0
DA:196,0
DA:198,0
DA:199,0
DA:201,0
DA:202,0
DA:203,0
DA:205,0
DA:207,0
DA:208,0
DA:209,0
DA:211,0
DA:213,0
DA:214,0
DA:216,0
DA:217,0
DA:222,0
DA:223,0
DA:224,0
DA:226,0
DA:227,0
DA:228,0
DA:229,0
DA:230,0
DA:231,0
DA:232,0
DA:233,0
DA:234,0
DA:235,0
DA:236,0
DA:237,0
DA:238,0
DA:239,0
DA:240,0
DA:241,0
DA:242,0
DA:243,0
DA:244,0
DA:245,0
DA:246,0
DA:247,0
DA:248,0
DA:249,0
DA:250,0
DA:251,0
DA:252,0
DA:253,0
DA:254,0
DA:255,0
DA:259,0
DA:261,0
DA:280,0
DA:295,0
DA:297,0
DA:298,0
DA:299,0
DA:300,0
DA:301,0
DA:302,0
DA:303,0
DA:304,0
DA:305,0
DA:306,0
DA:307,0
DA:309,0
DA:310,0
DA:311,0
DA:312,0
DA:313,0
DA:314,0
DA:319,0
DA:320,0
DA:321,0
DA:322,0
DA:323,0
DA:324,0
DA:325,0
DA:326,0
DA:327,0
DA:328,0
DA:329,0
DA:331,0
DA:332,0
DA:333,0
DA:334,0
DA:335,0
DA:336,0
DA:338,0
DA:342,0
DA:344,0
DA:345,0
DA:346,0
DA:347,0
DA:348,0
DA:349,0
DA:350,0
DA:351,0
DA:352,0
DA:353,0
DA:354,0
DA:355,0
DA:356,0
DA:357,0
DA:358,0
DA:359,0
DA:362,0
DA:364,0
DA:365,0
DA:366,0
DA:367,0
DA:368,0
DA:369,0
DA:370,0
DA:371,0
DA:372,0
DA:373,0
DA:374,0
DA:375,0
DA:376,0
DA:377,0
DA:378,0
DA:379,0
DA:383,0
DA:398,0
DA:399,0
DA:400,0
DA:401,0
DA:402,0
DA:403,0
DA:404,0
DA:405,0
DA:406,0
DA:408,0
DA:409,0
DA:410,0
DA:411,0
DA:412,0
DA:414,0
DA:416,0
DA:417,0
DA:418,0
DA:419,0
DA:420,0
DA:421,0
DA:422,0
DA:423,0
DA:424,0
DA:425,0
DA:426,0
DA:427,0
DA:428,0
DA:429,0
DA:430,0
DA:431,0
DA:432,0
DA:433,0
DA:434,0
DA:435,0
DA:436,0
DA:438,0
DA:440,0
DA:441,0
DA:442,0
DA:443,0
DA:444,0
DA:445,0
DA:449,0
DA:451,0
DA:452,0
DA:453,0
DA:454,0
DA:455,0
DA:456,0
DA:457,0
DA:458,0
DA:459,0
DA:460,0
DA:461,0
DA:462,0
DA:463,0
DA:464,0
DA:465,0
DA:466,0
DA:467,0
DA:470,0
DA:471,0
DA:472,0
DA:473,0
DA:474,0
DA:475,0
DA:476,0
DA:477,0
DA:478,0
DA:479,0
DA:480,0
DA:481,0
DA:482,0
DA:483,0
DA:484,0
DA:485,0
DA:486,0
DA:489,0
DA:490,0
DA:491,0
DA:492,0
DA:493,0
DA:494,0
DA:495,0
DA:496,0
DA:497,0
DA:498,0
DA:499,0
DA:500,0
DA:501,0
DA:502,0
DA:503,0
DA:522,0
DA:539,0
DA:555,0
DA:556,0
DA:557,0
DA:558,0
DA:559,0
DA:560,0
DA:561,0
DA:562,0
DA:563,0
DA:564,0
DA:581,0
DA:582,0
DA:583,0
DA:584,0
DA:585,0
DA:586,0
DA:587,0
DA:588,0
DA:589,0
DA:590,0
DA:591,0
DA:592,0
DA:593,0
DA:594,0
DA:595,0
DA:596,0
DA:600,0
DA:616,0
DA:617,0
DA:618,0
DA:619,0
DA:620,0
DA:621,0
DA:622,0
DA:623,0
DA:624,0
DA:625,0
DA:626,0
DA:627,0
DA:628,0
DA:629,0
DA:630,0
DA:631,0
DA:635,0
DA:637,0
DA:638,0
DA:639,0
DA:641,0
DA:642,0
DA:644,0
DA:645,0
DA:647,0
DA:648,0
DA:650,0
DA:651,0
DA:653,0
DA:654,0
DA:656,0
DA:657,0
DA:659,0
DA:660,0
DA:662,0
DA:663,0
DA:665,0
DA:666,0
DA:668,0
DA:669,0
DA:671,0
DA:672,0
DA:674,0
DA:675,0
DA:677,0
DA:678,0
DA:680,0
DA:681,0
DA:686,0
DA:688,0
DA:689,0
DA:690,0
DA:691,0
DA:692,0
DA:693,0
DA:694,0
DA:695,0
DA:696,0
DA:697,0
DA:698,0
DA:699,0
DA:700,0
DA:701,0
DA:702,0
DA:703,0
DA:704,0
DA:705,0
DA:714,0
DA:761,0
DA:762,0
DA:763,0
DA:764,0
DA:765,0
DA:766,0
DA:767,0
DA:768,0
DA:769,0
DA:771,0
DA:772,0
DA:773,0
DA:776,0
DA:779,0
DA:780,0
DA:781,0
DA:782,0
DA:784,0
DA:786,0
DA:787,0
DA:789,0
DA:790,0
DA:792,0
DA:794,0
DA:795,0
DA:797,0
DA:798,0
DA:800,0
DA:802,0
DA:803,0
DA:804,0
DA:806,0
DA:808,0
DA:809,0
DA:810,0
DA:812,0
DA:814,0
DA:815,0
DA:817,0
DA:818,0
DA:820,0
DA:822,0
DA:823,0
DA:824,0
DA:829,0
DA:830,0
DA:831,0
DA:833,0
DA:834,0
DA:835,0
DA:836,0
DA:837,0
DA:838,0
DA:839,0
DA:840,0
DA:841,0
DA:842,0
DA:843,0
DA:844,0
DA:845,0
DA:846,0
DA:847,0
DA:848,0
DA:852,0
DA:854,0
DA:867,0
DA:875,0
DA:877,0
DA:878,0
DA:879,0
DA:880,0
DA:881,0
DA:882,0
DA:883,0
DA:884,0
DA:885,0
DA:890,0
DA:891,0
DA:892,0
DA:893,0
DA:894,0
DA:895,0
DA:896,0
DA:897,0
DA:898,0
DA:900,0
DA:904,0
DA:906,0
DA:907,0
DA:908,0
DA:909,0
DA:910,0
DA:911,0
DA:912,0
DA:913,0
DA:914,0
DA:917,0
DA:919,0
DA:920,0
DA:921,0
DA:922,0
DA:923,0
DA:924,0
DA:925,0
DA:926,0
DA:927,0
DA:931,0
DA:939,0
DA:940,0
DA:941,0
DA:942,0
DA:943,0
DA:944,0
DA:945,0
DA:946,0
DA:948,0
DA:949,0
DA:950,0
DA:951,0
DA:952,0
DA:953,0
DA:955,0
DA:956,0
DA:957,0
DA:959,0
DA:960,0
DA:964,0
DA:966,0
DA:967,0
DA:968,0
DA:969,0
DA:970,0
DA:971,0
DA:972,0
DA:973,0
DA:974,0
DA:975,0
DA:978,0
DA:979,0
DA:980,0
DA:981,0
DA:984,0
DA:985,0
DA:986,0
DA:987,0
DA:988,0
DA:989,0
DA:990,0
DA:991,0
DA:1003,0
DA:1013,0
DA:1022,0
DA:1023,0
DA:1024,0
DA:1025,0
DA:1026,0
DA:1027,0
DA:1028,0
DA:1038,0
DA:1039,0
DA:1040,0
DA:1041,0
DA:1042,0
DA:1043,0
DA:1044,0
DA:1045,0
DA:1046,0
DA:1050,0
DA:1059,0
DA:1060,0
DA:1061,0
DA:1062,0
DA:1063,0
DA:1064,0
DA:1065,0
DA:1066,0
DA:1067,0
DA:1071,0
DA:1073,0
DA:1074,0
DA:1075,0
DA:1077,0
DA:1078,0
DA:1080,0
DA:1081,0
DA:1083,0
DA:1084,0
DA:1086,0
DA:1087,0
DA:1089,0
DA:1090,0
DA:1092,0
DA:1093,0
DA:1095,0
DA:1096,0
DA:1101,0
DA:1103,0
DA:1104,0
DA:1105,0
DA:1106,0
DA:1107,0
DA:1108,0
DA:1109,0
DA:1110,0
DA:1111,0
DA:1112,0
DA:1113,0
DA:1122,0
DA:1154,0
DA:1156,0
DA:1157,0
DA:1158,0
DA:1159,0
DA:1162,0
DA:1165,0
DA:1166,0
DA:1167,0
DA:1168,0
DA:1170,0
DA:1172,0
DA:1173,0
DA:1175,0
DA:1176,0
DA:1178,0
DA:1180,0
DA:1181,0
DA:1183,0
DA:1184,0
DA:1186,0
DA:1188,0
DA:1189,0
DA:1190,0
DA:1192,0
DA:1194,0
DA:1195,0
DA:1197,0
DA:1198,0
DA:1200,0
DA:1205,0
DA:1206,0
DA:1207,0
DA:1209,0
DA:1210,0
DA:1211,0
DA:1212,0
DA:1213,0
DA:1214,0
DA:1215,0
DA:1216,0
DA:1217,0
DA:1218,0
DA:1219,0
DA:1220,0
DA:1224,0
DA:1226,0
DA:1236,0
DA:1242,0
DA:1244,0
DA:1245,0
DA:1246,0
DA:1247,0
DA:1248,0
DA:1249,0
DA:1253,0
DA:1254,0
DA:1255,0
DA:1256,0
DA:1257,0
DA:1258,0
DA:1259,0
DA:1263,0
DA:1265,0
DA:1266,0
DA:1267,0
DA:1268,0
DA:1269,0
DA:1270,0
DA:1271,0
DA:1274,0
DA:1276,0
DA:1277,0
DA:1278,0
DA:1279,0
DA:1280,0
DA:1281,0
DA:1282,0
DA:1286,0
DA:1292,0
DA:1293,0
DA:1294,0
DA:1295,0
DA:1296,0
DA:1297,0
DA:1299,0
DA:1300,0
DA:1301,0
DA:1302,0
DA:1303,0
DA:1304,0
DA:1306,0
DA:1307,0
DA:1308,0
DA:1309,0
DA:1310,0
DA:1314,0
DA:1316,0
DA:1317,0
DA:1318,0
DA:1319,0
DA:1320,0
DA:1321,0
DA:1322,0
DA:1323,0
DA:1326,0
DA:1328,0
DA:1329,0
DA:1332,0
DA:1333,0
DA:1334,0
DA:1335,0
DA:1336,0
DA:1337,0
DA:1347,0
DA:1355,0
DA:1362,0
DA:1363,0
DA:1364,0
DA:1365,0
DA:1366,0
DA:1367,0
DA:1375,0
DA:1376,0
DA:1377,0
DA:1378,0
DA:1379,0
DA:1380,0
DA:1381,0
DA:1385,0
DA:1392,0
DA:1393,0
DA:1394,0
DA:1395,0
DA:1396,0
DA:1397,0
DA:1398,0
DA:1402,0
DA:1404,0
DA:1405,0
DA:1406,0
DA:1408,0
DA:1409,0
DA:1411,0
DA:1412,0
DA:1414,0
DA:1415,0
DA:1417,0
DA:1418,0
DA:1420,0
DA:1421,0
DA:1426,0
DA:1428,0
DA:1429,0
DA:1430,0
DA:1431,0
DA:1432,0
DA:1433,0
DA:1434,0
DA:1435,0
DA:1436,0
DA:1445,0
DA:1456,0
DA:1457,0
DA:1458,0
DA:1459,0
DA:1460,0
DA:1463,0
DA:1466,0
DA:1467,0
DA:1468,0
DA:1469,0
DA:1470,0
DA:1472,0
DA:1474,0
DA:1475,0
DA:1476,0
DA:1478,0
DA:1483,0
DA:1484,0
DA:1485,0
DA:1487,0
DA:1488,0
DA:1489,0
DA:1490,0
DA:1491,0
DA:1492,0
DA:1496,0
DA:1498,0
DA:1505,0
DA:1506,0
DA:1508,0
DA:1509,0
DA:1510,0
DA:1514,0
DA:1515,0
DA:1516,0
DA:1517,0
DA:1521,0
DA:1523,0
DA:1524,0
DA:1525,0
DA:1526,0
DA:1529,0
DA:1531,0
DA:1532,0
DA:1533,0
DA:1534,0
DA:1538,0
DA:1539,0
DA:1540,0
DA:1542,0
DA:1543,0
DA:1544,0
DA:1545,0
DA:1549,0
DA:1551,0
DA:1552,0
DA:1553,0
DA:1554,0
DA:1555,0
DA:1558,0
DA:1559,0
DA:1560,0
DA:1563,0
DA:1564,0
DA:1565,0
DA:1572,0
DA:1577,0
DA:1581,0
DA:1582,0
DA:1583,0
DA:1588,0
DA:1589,0
DA:1590,0
DA:1591,0
DA:1595,0
DA:1597,0
DA:1598,0
DA:1599,0
DA:1600,0
DA:1604,0
DA:1606,0
DA:1607,0
DA:1608,0
DA:1610,0
DA:1611,0
DA:1613,0
DA:1614,0
DA:1619,0
DA:1621,0
DA:1622,0
DA:1623,0
DA:1624,0
DA:1625,0
DA:1626,0
DA:1631,0
DA:1632,0
DA:1640,0
DA:1642,0
DA:1643,0
DA:1645,0
DA:1687,0
DA:1690,0
DA:1692,0
DA:1693,0
DA:1694,0
DA:1696,0
DA:1698,0
DA:1699,0
DA:1700,0
DA:1703,0
DA:1704,0
DA:1705,0
DA:1708,0
DA:1710,0
DA:1711,0
DA:1712,0
DA:1714,0
DA:1715,0
DA:1716,0
DA:1718,0
DA:1719,0
DA:1720,0
DA:1726,0
DA:1733,0
DA:1734,0
DA:1736,0
DA:1737,0
DA:1739,0
DA:1740,0
DA:1742,0
DA:1743,0
DA:1744,0
DA:1746,0
DA:1747,0
DA:1749,0
DA:1750,0
DA:1752,0
DA:1753,0
DA:1755,0
DA:1756,0
DA:1758,0
DA:1759,0
DA:1761,0
DA:1762,0
DA:1764,0
DA:1765,0
DA:1767,0
DA:1768,0
DA:1770,0
DA:1771,0
DA:1773,0
DA:1774,0
DA:1775,0
DA:1777,0
DA:1779,0
DA:1781,0
DA:1782,0
DA:1783,0
DA:1784,0
DA:1787,0
DA:1788,0
DA:1789,0
DA:1795,0
DA:1798,0
DA:1800,0
DA:1802,0
DA:1803,0
DA:1804,0
DA:1805,0
DA:1808,0
DA:1809,0
DA:1810,0
DA:1816,0
DA:1822,0
DA:1829,0
DA:1830,0
DA:1832,0
DA:1833,0
DA:1835,0
DA:1836,0
DA:1838,0
DA:1839,0
DA:1840,0
DA:1842,0
DA:1843,0
DA:1844,0
DA:1846,0
DA:1847,0
DA:1849,0
DA:1850,0
DA:1851,0
DA:1853,0
DA:1854,0
DA:1855,0
DA:1857,0
DA:1858,0
DA:1859,0
DA:1861,0
DA:1862,0
DA:1864,0
DA:1865,0
DA:1867,0
DA:1868,0
DA:1870,0
DA:1871,0
DA:1873,0
DA:1874,0
DA:1875,0
DA:1880,0
DA:1887,0
DA:1888,0
DA:1890,0
DA:1891,0
DA:1893,0
DA:1894,0
DA:1896,0
DA:1897,0
DA:1899,0
DA:1900,0
DA:1902,0
DA:1903,0
DA:1905,0
DA:1906,0
DA:1908,0
DA:1909,0
DA:1911,0
DA:1912,0
DA:1914,0
DA:1915,0
DA:1917,0
DA:1918,0
DA:1920,0
DA:1921,0
DA:1923,0
DA:1924,0
DA:1926,0
DA:1927,0
DA:1929,0
DA:1932,0
DA:1934,0
DA:1935,0
DA:1936,0
DA:1937,0
DA:1940,0
DA:1941,0
DA:1942,0
DA:1948,0
DA:1951,0
DA:1953,0
DA:1955,0
DA:1956,0
DA:1957,0
DA:1958,0
DA:1961,0
DA:1962,0
DA:1963,0
DA:1969,0
DA:1986,0
DA:1988,0
DA:1991,0
DA:1992,0
DA:1993,0
DA:1994,0
DA:1995,0
DA:1996,0
DA:1997,0
DA:2014,0
DA:2031,0
DA:2048,0
DA:2065,0
DA:2066,0
DA:2067,0
DA:2068,0
DA:2070,0
DA:2071,0
DA:2073,0
DA:2075,0
DA:2076,0
DA:2077,0
DA:2080,0
DA:2081,0
DA:2083,0
DA:2087,0
DA:2088,0
DA:2089,0
DA:2090,0
DA:2092,0
DA:2093,0
DA:2096,0
DA:2100,0
DA:2101,0
DA:2102,0
DA:2103,0
DA:2105,0
DA:2106,0
DA:2152,0
DA:2155,0
DA:2156,0
DA:2157,0
DA:2159,0
DA:2160,0
DA:2163,0
DA:2164,0
DA:2165,0
DA:2167,0
DA:2168,0
DA:2174,0
DA:2181,0
DA:2182,0
DA:2184,0
DA:2185,0
DA:2187,0
DA:2188,0
DA:2190,0
DA:2191,0
DA:2193,0
DA:2194,0
DA:2196,0
DA:2197,0
DA:2199,0
DA:2200,0
DA:2202,0
DA:2203,0
DA:2204,0
DA:2205,0
DA:2208,0
DA:2209,0
DA:2210,0
DA:2222,0
DA:2229,0
DA:2230,0
DA:2232,0
DA:2233,0
DA:2235,0
DA:2236,0
DA:2238,0
DA:2239,0
DA:2241,0
DA:2242,0
DA:2244,0
DA:2245,0
DA:2247,0
DA:2248,0
DA:2250,0
DA:2251,0
DA:2252,0
DA:2253,0
DA:2256,0
DA:2257,0
DA:2258,0
DA:2270,0
DA:2277,0
DA:2278,0
DA:2280,0
DA:2281,0
DA:2283,0
DA:2284,0
DA:2286,0
DA:2287,0
DA:2289,0
DA:2290,0
DA:2292,0
DA:2293,0
DA:2295,0
DA:2296,0
DA:2298,0
DA:2299,0
DA:2300,0
DA:2301,0
DA:2304,0
DA:2305,0
DA:2306,0
DA:2328,0
DA:2330,0
DA:2333,0
DA:2334,0
DA:2335,0
DA:2336,0
DA:2337,0
DA:2338,0
DA:2340,0
DA:2350,0
DA:2360,0
DA:2370,0
DA:2380,0
DA:2381,0
DA:2382,0
DA:2383,0
DA:2385,0
DA:2386,0
DA:2387,0
DA:2389,0
DA:2402,0
DA:2404,0
DA:2406,0
DA:2408,0
DA:2410,0
DA:2411,0
DA:2417,0
DA:2418,0
DA:2456,0
DA:2458,0
DA:2459,0
DA:2460,0
DA:2462,0
DA:2463,0
DA:2466,0
DA:2467,0
DA:2468,0
DA:2470,0
DA:2471,0
DA:2477,0
DA:2484,0
DA:2485,0
DA:2487,0
DA:2488,0
DA:2490,0
DA:2491,0
DA:2493,0
DA:2494,0
DA:2496,0
DA:2497,0
DA:2499,0
DA:2500,0
DA:2501,0
DA:2502,0
DA:2505,0
DA:2506,0
DA:2507,0
DA:2519,0
DA:2526,0
DA:2527,0
DA:2529,0
DA:2530,0
DA:2532,0
DA:2533,0
DA:2535,0
DA:2536,0
DA:2537,0
DA:2539,0
DA:2540,0
DA:2542,0
DA:2543,0
DA:2544,0
DA:2545,0
DA:2548,0
DA:2549,0
DA:2550,0
DA:2562,0
DA:2569,0
DA:2570,0
DA:2572,0
DA:2573,0
DA:2575,0
DA:2576,0
DA:2578,0
DA:2579,0
DA:2581,0
DA:2582,0
DA:2584,0
DA:2585,0
DA:2586,0
DA:2587,0
DA:2590,0
DA:2591,0
DA:2592,0
DA:2614,0
DA:2615,0
DA:2618,0
DA:2619,0
DA:2620,0
DA:2621,0
DA:2622,0
DA:2623,0
DA:2624,0
DA:2632,0
DA:2640,0
DA:2648,0
DA:2656,0
DA:2657,0
DA:2658,0
DA:2659,0
DA:2661,0
DA:2662,0
DA:2663,0
DA:2665,0
DA:2678,0
DA:2680,0
DA:2682,0
DA:2684,0
DA:2686,0
DA:2687,0
DA:2693,0
DA:2694,0
DA:2728,0
DA:2735,0
DA:2736,0
DA:2738,0
DA:2739,0
DA:2744,0
DA:2751,0
DA:2752,0
DA:2754,0
DA:2755,0
DA:2760,0
DA:2767,0
DA:2768,0
DA:2770,0
DA:2771,0
DA:2789,0
DA:2791,0
DA:2794,0
DA:2795,0
DA:2796,0
DA:2797,0
DA:2798,0
DA:2799,0
DA:2800,0
DA:2805,0
DA:2810,0
DA:2815,0
DA:2820,0
DA:2821,0
DA:2822,0
DA:2845,0
DA:2846,0
DA:2847,0
DA:2848,0
DA:2849,0
DA:2850,0
DA:2851,0
DA:2852,0
DA:2853,0
LF:1281
LH:0
end_of_record
SF:lib/src/data/local/app_database.dart
DA:16,0
DA:18,0
DA:22,0
DA:23,0
DA:24,0
DA:25,0
DA:26,0
LF:7
LH:0
end_of_record
SF:lib/src/data/local/tables/question_records.dart
DA:4,0
DA:5,0
DA:6,0
DA:7,0
DA:8,0
DA:9,0
DA:10,0
DA:11,0
DA:12,0
DA:13,0
DA:14,0
DA:15,0
DA:16,0
DA:17,0
DA:19,0
DA:20,0
LF:16
LH:0
end_of_record
SF:lib/src/data/local/tables/generated_exercises.dart
DA:5,0
DA:6,0
DA:7,0
DA:8,0
DA:9,0
DA:10,0
DA:11,0
DA:13,0
DA:14,0
LF:9
LH:0
end_of_record
SF:lib/src/data/local/tables/review_logs.dart
DA:5,0
DA:6,0
DA:7,0
DA:8,0
DA:9,0
DA:11,0
DA:12,0
LF:7
LH:0
end_of_record
SF:lib/src/data/local/tables/settings_entries.dart
DA:4,0
DA:5,0
DA:7,0
DA:8,0
LF:4
LH:0
end_of_record
SF:lib/src/domain/models/analysis_result.dart
DA:4,3
DA:20,1
DA:21,1
DA:22,1
DA:23,1
DA:24,1
DA:25,1
DA:26,1
DA:27,0
LF:9
LH:8
end_of_record
SF:lib/src/domain/models/generated_exercise.dart
DA:2,3
DA:18,1
DA:19,1
DA:20,1
DA:21,1
DA:22,1
DA:23,1
DA:24,1
DA:25,0
LF:9
LH:8
end_of_record
SF:lib/src/domain/models/review_log.dart
DA:4,1
LF:1
LH:1
end_of_record
SF:lib/src/features/settings/presentation/settings_screen.dart
DA:7,0
DA:9,2
DA:11,4
DA:13,2
DA:14,2
DA:15,2
DA:17,2
DA:19,10
DA:21,2
DA:23,2
DA:25,2
DA:26,4
DA:28,2
DA:30,2
DA:33,2
DA:35,2
DA:41,2
DA:42,0
DA:43,0
DA:52,10
DA:54,2
DA:55,2
DA:57,2
DA:58,4
DA:60,2
DA:62,2
DA:64,2
DA:66,2
DA:71,6
DA:72,2
DA:73,0
DA:74,0
DA:75,0
DA:76,0
DA:77,0
DA:82,2
DA:92,10
DA:94,2
DA:95,2
DA:97,2
DA:98,4
DA:100,2
DA:101,2
DA:102,2
DA:107,0
DA:109,4
DA:110,2
DA:115,0
DA:122,10
DA:124,2
DA:125,2
DA:127,2
DA:128,4
DA:130,2
DA:131,2
DA:132,2
DA:137,0
DA:139,4
DA:140,2
DA:146,0
DA:158,2
DA:174,2
DA:176,2
DA:177,2
DA:178,2
DA:179,2
DA:181,2
DA:182,2
DA:183,2
DA:185,2
DA:186,2
DA:187,2
DA:189,6
DA:192,2
DA:193,2
DA:195,2
DA:196,4
DA:197,4
DA:199,8
DA:204,4
LF:80
LH:68
end_of_record
SF:lib/src/features/capture/presentation/capture_controller.dart
DA:6,1
DA:10,1
DA:11,1
DA:12,5
DA:16,1
DA:17,2
DA:18,1
DA:19,4
LF:8
LH:8
end_of_record
SF:lib/src/features/ocr/presentation/ocr_confirmation_controller.dart
DA:2,1
DA:11,1
DA:12,1
DA:15,1
DA:16,1
LF:5
LH:5
end_of_record
SF:lib/src/features/analysis/presentation/analysis_controller.dart
DA:7,1
DA:11,3
DA:13,1
DA:18,2
DA:23,1
DA:25,1
DA:28,1
LF:7
LH:7
end_of_record
SF:lib/src/features/review/presentation/review_controller.dart
DA:9,1
DA:15,0
DA:16,0
DA:17,0
DA:23,1
DA:24,2
DA:26,2
DA:28,1
DA:30,2
DA:32,2
DA:33,1
DA:37,1
DA:38,2
DA:40,0
DA:42,1
DA:44,2
DA:46,2
DA:47,1
DA:51,1
DA:52,2
DA:54,0
DA:56,1
DA:59,2
DA:60,1
DA:64,1
DA:65,2
DA:66,5
DA:69,1
DA:70,1
DA:72,1
DA:73,1
DA:75,1
DA:79,1
LF:33
LH:28
end_of_record
SF:lib/src/features/analysis/presentation/exercise_practice_screen.dart
DA:9,3
DA:11,1
DA:12,1
DA:20,1
DA:22,3
DA:25,0
DA:26,0
DA:31,3
DA:32,1
DA:33,2
DA:34,4
DA:37,1
DA:38,1
DA:39,0
DA:40,0
DA:41,0
DA:42,0
DA:44,0
DA:45,0
DA:49,0
DA:50,0
DA:59,2
DA:60,1
DA:61,2
DA:62,4
DA:63,4
DA:65,1
DA:66,1
DA:67,5
DA:68,1
DA:70,0
DA:73,1
DA:74,1
DA:76,1
DA:77,2
DA:78,1
DA:81,1
DA:82,1
DA:84,1
DA:86,1
DA:87,1
DA:88,1
DA:90,1
DA:91,3
DA:92,1
DA:93,4
DA:95,1
DA:96,1
DA:97,3
DA:101,5
DA:106,1
DA:108,1
DA:110,1
DA:111,2
DA:112,3
DA:114,1
DA:116,1
DA:117,6
DA:119,5
DA:125,1
DA:129,1
DA:131,1
DA:133,1
DA:134,1
DA:136,1
DA:138,1
DA:139,1
DA:140,1
DA:141,1
DA:147,1
DA:149,1
DA:157,5
DA:158,3
DA:160,4
DA:170,1
DA:171,1
DA:174,1
DA:175,1
DA:177,1
DA:179,4
DA:182,1
DA:183,1
DA:184,1
DA:186,1
DA:187,1
DA:188,1
DA:189,1
DA:190,3
DA:191,1
DA:201,1
DA:202,1
DA:203,3
DA:204,1
DA:221,1
DA:223,1
DA:224,1
DA:225,0
DA:226,0
DA:227,0
DA:232,1
DA:233,2
DA:234,3
DA:238,1
DA:239,2
DA:240,1
DA:241,4
DA:242,2
DA:243,5
DA:245,1
DA:246,5
DA:247,3
DA:248,4
DA:250,2
LF:113
LH:99
end_of_record
SF:lib/src/app/app.dart
DA:8,1
DA:12,1
DA:14,2
DA:15,1
DA:17,1
DA:18,1
DA:20,1
LF:7
LH:7
end_of_record
SF:lib/src/app/theme/app_theme.dart
DA:4,1
DA:5,1
DA:26,1
DA:27,1
LF:4
LH:4
end_of_record
SF:lib/src/app/router.dart
DA:22,1
DA:23,1
DA:25,1
DA:26,1
DA:27,2
DA:36,1
DA:37,1
DA:38,1
DA:39,1
DA:40,1
DA:42,1
DA:43,1
DA:44,1
DA:45,2
DA:48,1
DA:49,1
DA:50,2
DA:53,1
DA:54,1
DA:55,2
DA:58,1
DA:59,1
DA:60,1
DA:62,1
DA:63,1
DA:64,1
DA:65,1
DA:66,2
DA:67,1
DA:74,1
DA:75,1
DA:76,1
DA:77,1
DA:78,1
DA:79,1
DA:80,1
DA:85,0
DA:86,0
DA:88,0
DA:89,0
DA:90,0
DA:93,0
DA:100,1
DA:104,1
DA:106,1
DA:107,1
DA:108,1
DA:109,2
DA:110,3
LF:49
LH:43
end_of_record
SF:lib/src/features/home/presentation/home_screen.dart
DA:11,2
DA:13,1
DA:15,2
DA:16,2
DA:18,1
DA:20,1
DA:21,1
DA:23,4
DA:26,1
DA:27,2
DA:29,1
DA:33,1
DA:36,1
DA:37,2
DA:38,0
DA:40,1
DA:41,0
DA:44,5
DA:47,1
DA:48,1
DA:49,2
DA:50,1
DA:51,0
DA:55,1
DA:57,1
DA:58,5
DA:59,1
DA:60,0
DA:66,1
DA:67,4
DA:68,1
DA:69,0
DA:75,1
DA:76,1
DA:77,2
DA:78,2
DA:79,2
DA:80,2
DA:82,1
DA:83,1
DA:84,1
DA:85,1
DA:87,0
DA:89,0
DA:91,0
DA:92,0
DA:94,0
DA:96,0
DA:97,0
DA:99,0
DA:110,2
DA:112,1
DA:137,2
DA:139,1
DA:141,1
DA:143,1
DA:144,1
DA:145,1
DA:152,1
DA:157,1
DA:159,2
DA:160,1
DA:162,1
DA:163,1
DA:164,1
DA:165,2
DA:176,0
DA:177,0
DA:178,0
DA:179,0
DA:180,0
DA:182,0
DA:183,0
DA:184,0
DA:193,0
DA:198,0
DA:200,0
DA:201,0
DA:203,0
DA:204,0
DA:206,0
DA:207,0
DA:209,0
DA:210,0
DA:212,0
DA:214,0
DA:216,0
DA:217,0
DA:219,0
DA:220,0
DA:225,0
DA:227,0
DA:234,0
DA:236,0
DA:237,0
DA:238,0
DA:242,0
DA:244,0
DA:245,0
DA:246,0
DA:252,0
DA:257,0
DA:259,0
DA:261,0
DA:262,0
DA:263,0
DA:264,0
DA:265,0
DA:267,0
DA:269,0
DA:270,0
DA:272,0
DA:273,0
DA:274,0
DA:276,0
DA:280,0
DA:281,0
DA:283,0
DA:285,0
LF:119
LH:53
end_of_record
SF:lib/src/features/notebook/presentation/notebook_screen.dart
DA:9,2
DA:11,1
DA:12,1
DA:18,1
DA:20,2
DA:21,1
DA:24,0
DA:25,0
DA:27,0
DA:30,0
DA:31,0
DA:32,0
DA:33,0
DA:34,0
DA:35,0
DA:36,0
DA:45,1
DA:47,3
DA:48,3
DA:49,3
DA:51,1
DA:52,1
DA:55,1
DA:56,1
DA:58,0
DA:63,1
DA:64,1
DA:66,1
DA:68,1
DA:69,1
DA:70,1
DA:73,3
DA:74,0
DA:76,0
DA:77,0
DA:78,0
DA:84,1
DA:85,1
DA:86,1
DA:87,2
DA:89,1
DA:90,1
DA:91,2
DA:93,1
DA:94,1
DA:95,4
DA:98,0
DA:99,0
DA:100,0
DA:105,1
DA:108,1
DA:109,1
DA:110,1
DA:113,0
DA:114,0
DA:115,0
DA:119,3
DA:121,1
DA:122,1
DA:123,1
DA:124,0
DA:125,0
DA:134,1
DA:135,1
DA:136,1
DA:137,1
DA:138,1
DA:139,1
DA:141,1
DA:142,2
DA:146,3
DA:151,0
DA:152,0
DA:153,0
DA:155,0
DA:157,0
DA:158,0
DA:159,0
DA:160,0
DA:161,0
DA:163,0
DA:164,0
DA:165,0
DA:167,0
DA:174,1
DA:175,0
DA:185,1
DA:191,1
DA:193,1
DA:194,1
DA:195,1
DA:197,1
DA:198,5
DA:199,1
DA:201,1
DA:202,1
DA:203,1
DA:205,2
DA:214,0
DA:220,0
DA:222,0
DA:223,0
DA:225,0
DA:226,0
DA:228,0
DA:229,0
DA:232,0
DA:236,0
DA:237,0
DA:238,0
DA:242,0
DA:244,0
DA:245,0
DA:247,0
DA:248,0
DA:249,0
DA:251,0
DA:253,0
DA:254,0
DA:255,0
DA:257,0
DA:258,0
DA:259,0
DA:261,0
DA:262,0
DA:263,0
DA:265,0
DA:266,0
DA:267,0
DA:271,0
DA:272,0
DA:274,0
DA:275,0
DA:276,0
DA:277,0
DA:279,0
DA:280,0
DA:288,0
DA:289,0
DA:290,0
DA:291,0
DA:292,0
DA:295,0
DA:297,0
DA:298,0
DA:299,0
DA:301,0
DA:302,0
DA:303,0
DA:311,0
DA:321,0
DA:322,0
DA:323,0
DA:324,0
DA:325,0
DA:326,0
DA:327,0
DA:330,0
DA:332,0
DA:333,0
DA:334,0
DA:338,0
DA:340,0
DA:341,0
DA:342,0
DA:346,0
DA:348,0
DA:349,0
DA:350,0
DA:351,0
DA:352,0
DA:353,0
DA:354,0
DA:355,0
DA:356,0
DA:357,0
DA:358,0
LF:177
LH:61
end_of_record
SF:lib/src/features/notebook/presentation/question_detail_screen.dart
DA:10,2
DA:12,0
DA:14,0
DA:17,0
DA:18,0
DA:23,0
DA:24,0
DA:26,0
DA:27,0
DA:29,0
DA:31,0
DA:33,0
DA:34,0
DA:36,0
DA:38,0
DA:39,0
DA:40,0
DA:42,0
DA:57,0
DA:59,0
DA:61,0
DA:63,0
DA:64,0
DA:65,0
DA:66,0
DA:68,0
DA:70,0
DA:71,0
DA:72,0
DA:73,0
DA:74,0
DA:75,0
DA:77,0
DA:79,0
DA:81,0
DA:85,0
DA:86,0
DA:87,0
DA:89,0
DA:90,0
DA:91,0
DA:93,0
DA:99,0
DA:100,0
DA:101,0
DA:103,0
DA:109,0
DA:111,0
DA:113,0
DA:114,0
DA:115,0
DA:116,0
DA:118,0
DA:119,0
DA:120,0
DA:124,0
DA:125,0
DA:126,0
DA:127,0
DA:136,0
DA:139,0
DA:146,0
DA:151,0
DA:158,0
DA:163,0
DA:170,0
DA:174,0
DA:176,0
DA:178,0
DA:181,0
DA:183,0
DA:185,0
DA:186,0
DA:188,0
DA:189,0
DA:193,0
DA:195,0
DA:197,0
DA:199,0
DA:201,0
DA:202,0
DA:204,0
DA:206,0
DA:208,0
DA:211,0
DA:216,0
DA:217,0
DA:218,0
DA:219,0
DA:220,0
DA:221,0
DA:226,0
DA:227,0
DA:228,0
DA:240,0
DA:242,0
DA:243,0
DA:244,0
DA:248,0
DA:250,0
DA:251,0
DA:252,0
DA:256,0
DA:257,0
DA:258,0
DA:260,0
DA:262,0
DA:267,0
DA:268,0
DA:269,0
DA:270,0
DA:271,0
DA:272,0
DA:273,0
DA:274,0
DA:275,0
DA:284,0
DA:285,0
DA:287,0
DA:290,0
DA:291,0
DA:292,0
DA:293,0
DA:294,0
DA:295,0
DA:296,0
DA:297,0
DA:306,0
DA:307,0
DA:309,0
DA:310,0
DA:311,0
DA:312,0
DA:313,0
DA:314,0
DA:315,0
DA:321,0
DA:332,0
DA:334,0
DA:336,0
DA:337,0
DA:338,0
DA:339,0
DA:341,0
DA:343,0
DA:344,0
DA:345,0
DA:346,0
DA:348,0
DA:352,0
LF:150
LH:1
end_of_record
SF:lib/src/features/onboarding/presentation/onboarding_screen.dart
DA:7,2
DA:9,1
DA:10,1
DA:41,1
DA:43,2
DA:44,1
DA:47,0
DA:48,0
DA:49,0
DA:52,1
DA:54,1
DA:55,1
DA:56,1
DA:57,1
DA:58,1
DA:60,1
DA:61,1
DA:62,3
DA:65,1
DA:66,1
DA:67,1
DA:68,2
DA:69,4
DA:70,3
DA:73,1
DA:75,1
DA:77,5
DA:79,1
DA:81,2
DA:83,1
DA:84,3
DA:85,1
DA:91,1
DA:93,1
DA:94,5
DA:95,3
DA:96,1
DA:97,1
DA:98,6
DA:109,2
DA:123,1
DA:125,1
DA:127,1
DA:129,1
DA:130,1
DA:132,1
DA:133,1
DA:134,1
DA:136,3
DA:139,1
DA:141,4
DA:144,1
DA:146,2
DA:149,4
DA:151,4
LF:55
LH:52
end_of_record
SF:lib/src/features/review/presentation/review_history_screen.dart
DA:10,2
DA:12,0
DA:14,0
DA:16,0
DA:17,0
DA:18,0
DA:19,0
DA:20,0
DA:21,0
DA:23,0
DA:24,0
DA:26,0
DA:27,0
DA:32,0
DA:33,0
DA:35,0
DA:37,0
DA:38,0
DA:39,0
DA:40,0
DA:46,0
DA:47,0
DA:51,0
DA:52,0
DA:53,0
DA:55,0
DA:56,0
DA:57,0
DA:58,0
DA:64,0
DA:65,0
DA:66,0
DA:67,0
DA:74,0
DA:76,0
DA:77,0
DA:78,0
DA:83,0
DA:85,0
DA:86,0
DA:87,0
DA:91,0
DA:92,0
DA:93,0
DA:94,0
DA:95,0
DA:96,0
DA:101,0
DA:103,0
DA:104,0
DA:106,0
DA:108,0
DA:109,0
DA:113,0
DA:115,0
DA:125,0
DA:130,0
DA:131,0
DA:132,0
DA:133,0
DA:134,0
DA:135,0
DA:136,0
DA:137,0
DA:138,0
DA:140,0
DA:141,0
LF:67
LH:1
end_of_record
SF:lib/src/features/review/presentation/review_screen.dart
DA:9,2
DA:11,1
DA:13,2
DA:14,2
DA:16,1
DA:17,1
DA:18,1
DA:20,1
DA:22,1
DA:23,7
DA:24,1
DA:25,0
DA:29,5
DA:31,1
DA:32,1
DA:33,2
DA:34,0
DA:35,0
DA:36,0
DA:38,0
DA:42,1
DA:43,0
DA:47,1
DA:48,0
DA:49,1
DA:51,1
DA:53,1
DA:54,2
DA:56,1
DA:57,1
DA:58,2
DA:61,2
DA:73,1
DA:79,1
DA:81,1
DA:83,1
DA:85,1
DA:86,2
DA:88,1
DA:90,1
DA:91,1
DA:92,1
DA:93,5
DA:95,5
DA:99,1
DA:101,1
DA:102,3
DA:103,3
DA:104,7
DA:114,1
DA:120,1
DA:122,1
DA:123,1
DA:124,4
DA:126,4
DA:133,0
DA:137,0
DA:139,0
DA:141,0
DA:143,0
DA:144,0
DA:146,0
DA:147,0
DA:148,0
DA:150,0
DA:152,0
DA:157,0
DA:158,0
DA:160,0
DA:162,0
DA:174,1
DA:176,1
DA:178,1
DA:180,1
DA:181,1
DA:183,1
DA:184,1
DA:185,2
DA:189,3
DA:197,0
DA:202,0
DA:204,0
DA:205,0
DA:207,0
DA:208,0
DA:209,0
DA:210,0
DA:212,0
DA:214,0
DA:216,0
DA:217,0
DA:219,0
DA:220,0
DA:221,0
DA:223,0
DA:224,0
DA:225,0
DA:227,0
DA:230,0
DA:231,0
DA:233,0
DA:234,0
DA:235,0
DA:241,0
DA:242,0
DA:243,0
DA:248,0
DA:256,0
DA:258,0
DA:259,0
DA:260,0
DA:264,0
DA:266,0
DA:267,0
DA:268,0
LF:115
LH:57
end_of_record
SF:lib/src/features/settings/presentation/provider_config_screen.dart
DA:7,2
DA:9,0
DA:10,0
DA:20,0
DA:22,0
DA:23,0
DA:24,0
DA:25,0
DA:28,0
DA:30,0
DA:31,0
DA:32,0
DA:33,0
DA:36,0
DA:37,0
DA:38,0
DA:39,0
DA:40,0
DA:41,0
DA:42,0
DA:43,0
DA:47,0
DA:49,0
DA:50,0
DA:51,0
DA:52,0
DA:54,0
DA:55,0
DA:56,0
DA:57,0
DA:64,0
DA:65,0
DA:72,0
DA:73,0
DA:81,0
DA:82,0
DA:83,0
DA:93,0
DA:94,0
DA:95,0
DA:98,0
DA:99,0
DA:100,0
DA:102,0
DA:103,0
DA:104,0
DA:105,0
LF:47
LH:1
end_of_record
SF:lib/src/features/settings/presentation/subject_management_screen.dart
DA:7,2
DA:9,0
DA:11,0
DA:13,0
DA:14,0
DA:15,0
DA:16,0
DA:18,0
DA:19,0
DA:20,0
DA:21,0
DA:22,0
DA:23,0
DA:25,0
DA:26,0
DA:27,0
DA:28,0
DA:33,0
DA:34,0
LF:19
LH:1
end_of_record
SF:lib/src/features/settings/presentation/prompt_settings_screen.dart
DA:6,2
DA:8,1
DA:9,1
DA:17,1
DA:19,1
DA:20,2
DA:23,1
DA:25,2
DA:26,1
DA:29,1
DA:30,1
DA:31,4
DA:32,1
DA:33,2
DA:34,3
DA:38,0
DA:39,0
DA:40,0
DA:41,0
DA:42,0
DA:43,0
DA:47,1
DA:49,1
DA:50,1
DA:51,1
DA:52,1
DA:54,1
DA:55,1
DA:56,4
DA:58,1
DA:60,2
DA:63,1
DA:64,1
DA:72,1
DA:73,2
DA:74,1
LF:36
LH:30
end_of_record
SF:lib/src/features/settings/presentation/data_management_screen.dart
DA:17,2
DA:19,0
DA:21,0
DA:23,0
DA:24,0
DA:25,0
DA:26,0
DA:28,0
DA:29,0
DA:30,0
DA:33,0
DA:37,0
DA:38,0
DA:43,0
DA:47,0
DA:48,0
DA:53,0
DA:57,0
DA:58,0
DA:63,0
DA:68,0
DA:69,0
DA:74,0
DA:76,0
DA:77,0
DA:78,0
DA:79,0
DA:82,0
DA:83,0
DA:84,0
DA:85,0
DA:87,0
DA:88,0
DA:90,0
DA:91,0
DA:93,0
DA:94,0
DA:95,0
DA:101,0
DA:102,0
DA:103,0
DA:104,0
DA:105,0
DA:106,0
DA:107,0
DA:108,0
DA:109,0
DA:111,0
DA:112,0
DA:113,0
DA:114,0
DA:115,0
DA:116,0
DA:117,0
DA:118,0
DA:119,0
DA:120,0
DA:121,0
DA:122,0
DA:123,0
DA:124,0
DA:125,0
DA:126,0
DA:127,0
DA:128,0
DA:129,0
DA:130,0
DA:137,0
DA:139,0
DA:140,0
DA:142,0
DA:143,0
DA:144,0
DA:145,0
DA:148,0
DA:150,0
DA:152,0
DA:153,0
DA:157,0
DA:159,0
DA:160,0
DA:161,0
DA:164,0
DA:165,0
DA:166,0
DA:172,0
DA:174,0
DA:177,0
DA:179,0
DA:181,0
DA:182,0
DA:183,0
DA:184,0
DA:185,0
DA:186,0
DA:187,0
DA:189,0
DA:193,0
DA:194,0
DA:195,0
DA:196,0
DA:197,0
DA:198,0
DA:200,0
DA:201,0
DA:202,0
DA:203,0
DA:204,0
DA:205,0
DA:207,0
DA:208,0
DA:209,0
DA:211,0
DA:212,0
DA:213,0
DA:214,0
DA:215,0
DA:216,0
DA:219,0
DA:220,0
DA:221,0
DA:222,0
DA:223,0
DA:224,0
DA:225,0
DA:234,0
DA:235,0
DA:236,0
DA:241,0
DA:243,0
DA:245,0
DA:246,0
DA:247,0
DA:248,0
DA:249,0
DA:250,0
DA:251,0
DA:260,0
DA:261,0
DA:262,0
DA:263,0
DA:264,0
DA:266,0
DA:267,0
DA:270,0
DA:271,0
DA:272,0
DA:276,0
DA:277,0
DA:278,0
LF:150
LH:1
end_of_record
SF:lib/src/features/capture/presentation/question_correction_screen.dart
DA:8,2
DA:10,0
DA:11,0
DA:20,0
DA:22,0
DA:23,0
DA:26,0
DA:28,0
DA:29,0
DA:32,0
DA:34,0
DA:35,0
DA:37,0
DA:38,0
DA:39,0
DA:40,0
DA:41,0
DA:42,0
DA:43,0
DA:44,0
DA:45,0
DA:46,0
DA:49,0
DA:53,0
DA:54,0
DA:55,0
DA:68,0
DA:69,0
DA:72,0
DA:73,0
DA:74,0
DA:76,0
DA:78,0
DA:81,0
DA:82,0
DA:90,0
DA:92,0
DA:93,0
DA:94,0
DA:98,0
DA:99,0
DA:100,0
DA:101,0
DA:102,0
DA:103,0
DA:104,0
DA:105,0
DA:121,0
DA:122,0
DA:125,0
DA:127,0
DA:128,0
DA:130,0
DA:131,0
DA:134,0
DA:140,0
DA:141,0
DA:143,0
DA:144,0
DA:145,0
DA:146,0
DA:147,0
DA:148,0
DA:151,0
DA:152,0
DA:153,0
DA:160,0
DA:161,0
DA:162,0
DA:163,0
DA:175,0
DA:176,0
DA:179,0
DA:180,0
DA:181,0
DA:185,0
DA:186,0
DA:188,0
DA:190,0
DA:191,0
DA:195,0
DA:199,0
DA:202,0
DA:204,0
DA:209,0
DA:210,0
DA:211,0
LF:87
LH:1
end_of_record
SF:lib/src/features/ocr/presentation/ocr_confirmation_screen.dart
DA:9,2
DA:11,0
DA:12,0
DA:19,0
DA:21,0
DA:22,0
DA:23,0
DA:24,0
DA:27,0
DA:29,0
DA:30,0
DA:33,0
DA:35,0
DA:36,0
DA:38,0
DA:39,0
DA:40,0
DA:41,0
DA:43,0
DA:44,0
DA:45,0
DA:48,0
DA:49,0
DA:50,0
DA:51,0
DA:54,0
DA:55,0
DA:60,0
DA:61,0
DA:63,0
DA:64,0
DA:66,0
DA:68,0
DA:69,0
DA:70,0
DA:71,0
DA:73,0
DA:74,0
DA:75,0
DA:78,0
DA:80,0
DA:81,0
DA:82,0
DA:83,0
DA:89,0
DA:91,0
DA:92,0
DA:93,0
DA:94,0
DA:95,0
DA:96,0
DA:97,0
DA:101,0
DA:106,0
DA:107,0
DA:109,0
DA:110,0
DA:112,0
DA:113,0
DA:116,0
DA:118,0
DA:122,0
DA:130,0
DA:131,0
DA:133,0
DA:134,0
DA:135,0
DA:143,0
DA:144,0
DA:146,0
DA:147,0
DA:148,0
DA:151,0
DA:154,0
DA:155,0
DA:156,0
DA:157,0
DA:159,0
DA:164,0
DA:165,0
DA:166,0
LF:81
LH:1
end_of_record
SF:lib/src/features/analysis/presentation/analysis_loading_screen.dart
DA:11,2
DA:13,0
DA:14,0
DA:23,0
DA:25,0
DA:26,0
DA:27,0
DA:30,0
DA:31,0
DA:32,0
DA:33,0
DA:36,0
DA:37,0
DA:39,0
DA:44,0
DA:45,0
DA:47,0
DA:52,0
DA:53,0
DA:54,0
DA:55,0
DA:58,0
DA:62,0
DA:64,0
DA:65,0
DA:66,0
DA:70,0
DA:72,0
DA:73,0
DA:74,0
DA:75,0
DA:77,0
DA:79,0
DA:83,0
DA:84,0
DA:85,0
DA:86,0
DA:88,0
DA:89,0
DA:94,0
DA:99,0
DA:100,0
DA:106,0
DA:108,0
DA:109,0
DA:112,0
DA:115,0
DA:117,0
DA:118,0
DA:121,0
DA:123,0
DA:124,0
DA:126,0
DA:128,0
DA:129,0
DA:131,0
DA:133,0
DA:135,0
DA:136,0
DA:137,0
DA:138,0
DA:149,0
DA:150,0
DA:154,0
DA:156,0
LF:65
LH:1
end_of_record
SF:lib/src/features/analysis/presentation/analysis_result_screen.dart
DA:8,2
DA:10,0
DA:12,0
DA:15,0
DA:16,0
DA:21,0
DA:22,0
DA:23,0
DA:24,0
DA:26,0
DA:28,0
DA:30,0
DA:31,0
DA:32,0
DA:33,0
DA:35,0
DA:36,0
DA:37,0
DA:39,0
DA:41,0
DA:43,0
DA:46,0
DA:47,0
DA:48,0
DA:49,0
DA:55,0
DA:56,0
DA:58,0
DA:60,0
DA:63,0
DA:70,0
DA:76,0
DA:83,0
DA:88,0
DA:95,0
DA:99,0
DA:101,0
DA:103,0
DA:106,0
DA:108,0
DA:110,0
DA:111,0
DA:113,0
DA:114,0
DA:118,0
DA:120,0
DA:122,0
DA:124,0
DA:126,0
DA:127,0
DA:129,0
DA:131,0
DA:133,0
DA:136,0
DA:142,0
DA:144,0
DA:146,0
DA:147,0
DA:148,0
DA:152,0
DA:154,0
DA:156,0
DA:158,0
DA:159,0
DA:161,0
DA:163,0
DA:164,0
DA:165,0
DA:166,0
DA:168,0
DA:169,0
DA:170,0
DA:172,0
DA:173,0
DA:174,0
DA:176,0
DA:182,0
DA:183,0
DA:184,0
DA:185,0
DA:189,0
DA:191,0
DA:192,0
DA:193,0
DA:195,0
DA:198,0
DA:200,0
DA:207,0
DA:208,0
DA:209,0
DA:210,0
DA:211,0
DA:212,0
DA:213,0
DA:214,0
DA:220,0
DA:221,0
DA:222,0
DA:223,0
DA:224,0
DA:225,0
DA:226,0
DA:239,0
DA:241,0
DA:242,0
DA:243,0
DA:244,0
DA:245,0
DA:250,0
DA:251,0
DA:252,0
DA:253,0
DA:255,0
DA:260,0
DA:261,0
DA:262,0
DA:272,0
DA:294,0
DA:296,0
DA:298,0
DA:299,0
DA:300,0
DA:301,0
DA:303,0
DA:305,0
DA:306,0
DA:307,0
DA:308,0
DA:310,0
DA:314,0
LF:130
LH:1
end_of_record
SF:lib/src/common/widgets/state_views.dart
DA:4,0
DA:15,0
DA:17,0
DA:18,0
DA:20,0
DA:22,0
DA:23,0
DA:25,0
DA:27,0
DA:29,0
DA:30,0
DA:36,0
DA:37,0
DA:39,0
DA:41,0
DA:43,0
DA:44,0
DA:45,0
DA:57,0
DA:72,0
DA:74,0
DA:75,0
DA:77,0
DA:79,0
DA:80,0
DA:81,0
DA:83,0
DA:86,0
DA:87,0
DA:89,0
DA:90,0
DA:91,0
DA:94,0
DA:96,0
DA:97,0
DA:98,0
DA:99,0
DA:110,0
DA:119,0
DA:121,0
DA:122,0
DA:124,0
DA:125,0
DA:126,0
DA:129,0
DA:130,0
DA:131,0
LF:47
LH:0
end_of_record
SF:lib/src/common/widgets/stats_chart.dart
DA:6,0
DA:31,0
DA:33,0
DA:35,0
DA:37,0
DA:38,0
DA:40,0
DA:41,0
DA:43,0
DA:44,0
DA:45,0
DA:46,0
DA:47,0
DA:49,0
DA:50,0
DA:51,0
DA:52,0
DA:58,0
DA:60,0
DA:61,0
DA:63,0
DA:64,0
DA:65,0
DA:67,0
DA:68,0
DA:69,0
DA:71,0
DA:85,0
DA:86,0
DA:87,0
DA:89,0
DA:90,0
DA:91,0
DA:92,0
DA:98,0
DA:100,0
DA:101,0
DA:102,0
DA:103,0
DA:109,0
DA:111,0
DA:112,0
DA:113,0
DA:114,0
DA:125,0
DA:126,0
DA:127,0
DA:129,0
DA:131,0
DA:140,0
DA:145,0
DA:147,0
DA:149,0
DA:150,0
DA:152,0
DA:155,0
DA:162,1
DA:177,1
DA:179,1
DA:180,1
DA:181,1
DA:182,1
DA:183,4
DA:185,4
DA:189,1
DA:190,1
DA:191,4
DA:193,4
DA:195,4
DA:204,1
DA:212,1
DA:214,1
DA:216,1
DA:217,1
DA:218,1
DA:219,2
DA:221,1
DA:222,1
DA:223,4
DA:225,4
LF:80
LH:24
end_of_record
SF:lib/src/features/capture/presentation/capture_entry_sheet.dart
DA:7,2
DA:9,1
DA:11,1
DA:12,1
DA:14,1
DA:16,1
DA:17,1
DA:19,1
DA:20,1
DA:21,1
DA:25,1
DA:27,4
DA:30,1
DA:36,0
DA:39,1
DA:45,0
DA:53,0
DA:54,0
DA:55,0
DA:56,0
DA:58,0
DA:59,0
DA:62,0
DA:63,0
DA:69,1
DA:85,1
DA:87,1
DA:88,1
DA:89,1
DA:90,1
DA:92,1
DA:94,1
DA:95,2
DA:97,1
DA:98,1
DA:99,1
DA:101,1
DA:102,1
DA:103,1
DA:105,3
DA:108,1
DA:109,1
DA:111,1
DA:112,2
DA:114,4
DA:118,2
LF:46
LH:36
end_of_record
SF:lib/src/features/notebook/presentation/notebook_controller.dart
DA:7,1
DA:11,1
DA:12,2
DA:13,1
DA:14,1
DA:15,1
DA:16,1
DA:20,1
DA:21,3
DA:22,3
DA:23,3
DA:25,1
LF:12
LH:12
end_of_record
